2025-12-11 09:56:21 INFO  Utils:112 - [TestNG] Running:
  C:\Automation\SeleniumWebdriver\AmazonV30.2\master.xml

2025-12-11 09:56:21 INFO  TC_001_AccountRegistrationTest:14 - ********HomePage Test Started**********
2025-12-11 10:01:12 INFO  Utils:112 - [TestNG] Running:
  C:\Automation\SeleniumWebdriver\AmazonV30.2\master.xml

2025-12-11 10:01:17 INFO  TC_001_AccountRegistrationTest:14 - ********HomePage Test Started**********
2025-12-11 10:01:17 INFO  TC_001_AccountRegistrationTest:21 - ********RegisterPage Test Started**********
2025-12-11 10:01:27 INFO  TC_002_LoginTest:16 - ************TC_002_Login started*********
2025-12-11 10:01:28 INFO  TC_002_LoginTest:36 - **** Finished TC_002_LoginTest  ****
2025-12-11 10:06:59 INFO  Utils:112 - [TestNG] Running:
  C:\Automation\SeleniumWebdriver\AmazonV30.2\master.xml

2025-12-11 10:07:05 INFO  TC_001_AccountRegistrationTest:14 - ********HomePage Test Started**********
2025-12-11 10:07:05 INFO  TC_001_AccountRegistrationTest:21 - ********RegisterPage Test Started**********
2025-12-11 10:07:14 INFO  TC_002_LoginTest:16 - ************TC_002_Login started*********
2025-12-11 10:07:15 INFO  TC_002_LoginTest:36 - **** Finished TC_002_LoginTest  ****
2025-12-11 10:07:41 INFO  Utils:112 - [TestNG] Running:
  C:\Automation\SeleniumWebdriver\AmazonV30.2\crossbrowsing.xml

2025-12-11 10:07:44 INFO  TC_001_AccountRegistrationTest:14 - ********HomePage Test Started**********
2025-12-11 10:07:45 INFO  TC_001_AccountRegistrationTest:14 - ********HomePage Test Started**********
2025-12-11 10:07:47 INFO  TC_001_AccountRegistrationTest:14 - ********HomePage Test Started**********
2025-12-11 10:07:48 INFO  TC_001_AccountRegistrationTest:21 - ********RegisterPage Test Started**********
2025-12-11 12:25:09 INFO  Utils:112 - [TestNG] Running:
  C:\Automation\SeleniumWebdriver\AmazonV30.2\gridDocker.xml

2025-12-11 12:25:09 INFO  TC_001_AccountRegistrationTest:14 - ********HomePage Test Started**********
2025-12-11 12:27:19 INFO  Utils:112 - [TestNG] Running:
  C:\Automation\SeleniumWebdriver\AmazonV30.2\gridDocker.xml

2025-12-11 12:27:19 INFO  TC_001_AccountRegistrationTest:14 - ********HomePage Test Started**********
2025-12-11 12:30:22 INFO  Utils:112 - [TestNG] Running:
  C:\Automation\SeleniumWebdriver\AmazonV30.2\gridDocker.xml

2025-12-11 12:30:27 INFO  TC_001_AccountRegistrationTest:14 - ********HomePage Test Started**********
2025-12-11 12:30:28 INFO  TC_001_AccountRegistrationTest:21 - ********RegisterPage Test Started**********
2025-12-11 12:31:02 INFO  Utils:112 - [TestNG] Running:
  C:\Automation\SeleniumWebdriver\AmazonV30.2\gridDocker.xml

2025-12-11 12:31:35 INFO  Utils:112 - [TestNG] Running:
  C:\Automation\SeleniumWebdriver\AmazonV30.2\gridDocker.xml

2025-12-11 12:34:54 INFO  Utils:112 - [TestNG] Running:
  C:\Automation\SeleniumWebdriver\AmazonV30.2\gridDocker.xml

2025-12-11 12:35:55 INFO  TC_002_LoginTest:16 - ************TC_002_Login started*********
2025-12-11 12:35:56 INFO  TC_002_LoginTest:36 - **** Finished TC_002_LoginTest  ****
2025-12-11 12:37:06 INFO  Utils:112 - [TestNG] Running:
  C:\Automation\SeleniumWebdriver\AmazonV30.2\gridDocker.xml

2025-12-11 12:41:25 INFO  TC_002_LoginTest:16 - ************TC_002_Login started*********
2025-12-11 12:41:26 INFO  TC_002_LoginTest:36 - **** Finished TC_002_LoginTest  ****
2025-12-11 12:43:50 INFO  Utils:112 - [TestNG] Running:
  C:\Automation\SeleniumWebdriver\AmazonV30.2\gridDocker.xml

2025-12-11 12:45:35 INFO  Utils:112 - [TestNG] Running:
  C:\Automation\SeleniumWebdriver\AmazonV30.2\gridDocker.xml

2025-12-11 12:46:36 INFO  Utils:112 - [TestNG] Running:
  C:\Automation\SeleniumWebdriver\AmazonV30.2\gridDocker.xml

2025-12-11 12:46:55 INFO  TC_002_LoginTest:16 - ************TC_002_Login started*********
2025-12-11 12:46:56 INFO  TC_002_LoginTest:36 - **** Finished TC_002_LoginTest  ****
2025-12-11 12:50:11 INFO  Utils:112 - [TestNG] Running:
  C:\Automation\SeleniumWebdriver\AmazonV30.2\gridDocker.xml

2025-12-11 12:51:04 INFO  Utils:112 - [TestNG] Running:
  C:\Automation\SeleniumWebdriver\AmazonV30.2\gridDocker.xml

2025-12-11 12:52:25 INFO  TC_002_LoginTest:16 - ************TC_002_Login started*********
2025-12-11 12:52:27 INFO  TC_002_LoginTest:36 - **** Finished TC_002_LoginTest  ****
2025-12-11 12:53:22 INFO  Utils:112 - [TestNG] Running:
  C:\Automation\SeleniumWebdriver\AmazonV30.2\gridDocker.xml

2025-12-11 12:56:45 INFO  TC_002_LoginTest:16 - ************TC_002_Login started*********
2025-12-11 12:56:47 INFO  TC_002_LoginTest:36 - **** Finished TC_002_LoginTest  ****
2025-12-11 12:57:55 INFO  TC_002_LoginTest:16 - ************TC_002_Login started*********
2025-12-11 12:57:57 INFO  TC_002_LoginTest:36 - **** Finished TC_002_LoginTest  ****
2025-12-11 13:02:15 INFO  TC_002_LoginTest:16 - ************TC_002_Login started*********
2025-12-11 13:02:17 INFO  TC_002_LoginTest:36 - **** Finished TC_002_LoginTest  ****
2025-12-11 15:27:03 INFO  TC_001_AccountRegistrationTest:14 - ********HomePage Test Started**********
2025-12-11 15:27:04 INFO  TC_001_AccountRegistrationTest:21 - ********RegisterPage Test Started**********
2025-12-11 15:27:12 INFO  TC_002_LoginTest:16 - ************TC_002_Login started*********
2025-12-11 15:27:13 INFO  TC_002_LoginTest:36 - **** Finished TC_002_LoginTest  ****
2025-12-11 15:30:11 INFO  TC_001_AccountRegistrationTest:14 - ********HomePage Test Started**********
2025-12-11 15:30:12 INFO  TC_001_AccountRegistrationTest:21 - ********RegisterPage Test Started**********
2025-12-11 15:30:24 INFO  TC_002_LoginTest:16 - ************TC_002_Login started*********
2025-12-11 15:30:26 INFO  TC_002_LoginTest:36 - **** Finished TC_002_LoginTest  ****
2025-12-11 15:35:55 INFO  TC_001_AccountRegistrationTest:14 - ********HomePage Test Started**********
2025-12-11 15:35:56 INFO  TC_001_AccountRegistrationTest:21 - ********RegisterPage Test Started**********
2025-12-11 15:36:04 INFO  TC_002_LoginTest:16 - ************TC_002_Login started*********
2025-12-11 15:36:05 INFO  TC_002_LoginTest:36 - **** Finished TC_002_LoginTest  ****
